2025-12-28 16:20:43 [error]: Error: listen EADDRINUSE: address already in use :::5000
    at Server.setupListenHandle [as _listen2] (node:net:1940:16)
    at listenInCluster (node:net:1997:12)
    at Server.listen (node:net:2102:7)
    at app.listen (/Users/swaraj_madhavrao_patil/Apna_Rupee_Final copy/dsa-onboarding-v4/backend/node_modules/express/lib/application.js:635:24)
    at startServer (/Users/swaraj_madhavrao_patil/Apna_Rupee_Final copy/dsa-onboarding-v4/backend/server.js:116:13)
    at process.processTicksAndRejections (node:internal/process/task_queues:103:5)
2025-12-28 16:20:57 [error]: Error: listen EADDRINUSE: address already in use :::5000
    at Server.setupListenHandle [as _listen2] (node:net:1940:16)
    at listenInCluster (node:net:1997:12)
    at Server.listen (node:net:2102:7)
    at app.listen (/Users/swaraj_madhavrao_patil/Apna_Rupee_Final copy/dsa-onboarding-v4/backend/node_modules/express/lib/application.js:635:24)
    at startServer (/Users/swaraj_madhavrao_patil/Apna_Rupee_Final copy/dsa-onboarding-v4/backend/server.js:116:13)
    at process.processTicksAndRejections (node:internal/process/task_queues:103:5)
2025-12-28 16:25:08 [error]: Error: listen EADDRINUSE: address already in use :::5000
    at Server.setupListenHandle [as _listen2] (node:net:1940:16)
    at listenInCluster (node:net:1997:12)
    at Server.listen (node:net:2102:7)
    at app.listen (/Users/swaraj_madhavrao_patil/Apna_Rupee_Final copy/dsa-onboarding-v4/backend/node_modules/express/lib/application.js:635:24)
    at startServer (/Users/swaraj_madhavrao_patil/Apna_Rupee_Final copy/dsa-onboarding-v4/backend/server.js:116:13)
    at process.processTicksAndRejections (node:internal/process/task_queues:103:5)
2025-12-28 16:26:10 [error]: Error: listen EADDRINUSE: address already in use :::5000
    at Server.setupListenHandle [as _listen2] (node:net:1940:16)
    at listenInCluster (node:net:1997:12)
    at Server.listen (node:net:2102:7)
    at app.listen (/Users/swaraj_madhavrao_patil/Apna_Rupee_Final copy/dsa-onboarding-v4/backend/node_modules/express/lib/application.js:635:24)
    at startServer (/Users/swaraj_madhavrao_patil/Apna_Rupee_Final copy/dsa-onboarding-v4/backend/server.js:116:13)
    at process.processTicksAndRejections (node:internal/process/task_queues:103:5)
2025-12-28 16:29:05 [error]: Error: listen EADDRINUSE: address already in use :::5001
    at Server.setupListenHandle [as _listen2] (node:net:1940:16)
    at listenInCluster (node:net:1997:12)
    at Server.listen (node:net:2102:7)
    at app.listen (/Users/swaraj_madhavrao_patil/Apna_Rupee_Final copy/dsa-onboarding-v4/backend/node_modules/express/lib/application.js:635:24)
    at startServer (/Users/swaraj_madhavrao_patil/Apna_Rupee_Final copy/dsa-onboarding-v4/backend/server.js:116:13)
    at process.processTicksAndRejections (node:internal/process/task_queues:103:5)
2025-12-28 17:31:10 [error]: Error: listen EADDRINUSE: address already in use :::3008
    at Server.setupListenHandle [as _listen2] (node:net:1940:16)
    at listenInCluster (node:net:1997:12)
    at Server.listen (node:net:2102:7)
    at app.listen (/Users/swaraj_madhavrao_patil/Apna_Rupee_Final copy/dsa-onboarding-v4/backend/node_modules/express/lib/application.js:635:24)
    at startServer (/Users/swaraj_madhavrao_patil/Apna_Rupee_Final copy/dsa-onboarding-v4/backend/server.js:116:13)
    at process.processTicksAndRejections (node:internal/process/task_queues:103:5)
2025-12-28 17:46:38 [error]: Error: write EPIPE
    at afterWriteDispatched (node:internal/stream_base_commons:159:15)
    at writeGeneric (node:internal/stream_base_commons:150:3)
    at Socket._writeGeneric (node:net:966:11)
    at Socket._write (node:net:978:8)
    at writeOrBuffer (node:internal/streams/writable:570:12)
    at _write (node:internal/streams/writable:499:10)
    at Writable.write (node:internal/streams/writable:508:10)
    at Console.log (/Users/swaraj_madhavrao_patil/Apna_Rupee_Final copy/dsa-onboarding-v4/backend/node_modules/winston/lib/winston/transports/console.js:87:23)
    at Console._write (/Users/swaraj_madhavrao_patil/Apna_Rupee_Final copy/dsa-onboarding-v4/backend/node_modules/winston-transport/modern.js:103:17)
    at doWrite (/Users/swaraj_madhavrao_patil/Apna_Rupee_Final copy/dsa-onboarding-v4/backend/node_modules/winston-transport/node_modules/readable-stream/lib/_stream_writable.js:390:139)
2025-12-28 21:00:14 [error]: Error: Cannot find module '../../pdf-agreement-service/src'
Require stack:
- /Users/swaraj_madhavrao_patil/Apna_Rupee_Final copy/dsa-onboarding-v4/backend/routes/agreement.js
- /Users/swaraj_madhavrao_patil/Apna_Rupee_Final copy/dsa-onboarding-v4/backend/server.js
    at Module._resolveFilename (node:internal/modules/cjs/loader:1420:15)
    at defaultResolveImpl (node:internal/modules/cjs/loader:1058:19)
    at resolveForCJSWithHooks (node:internal/modules/cjs/loader:1063:22)
    at Module._load (node:internal/modules/cjs/loader:1226:37)
    at TracingChannel.traceSync (node:diagnostics_channel:328:14)
    at wrapModuleLoad (node:internal/modules/cjs/loader:245:24)
    at Module.require (node:internal/modules/cjs/loader:1503:12)
    at require (node:internal/modules/helpers:152:16)
    at Object.<anonymous> (/Users/swaraj_madhavrao_patil/Apna_Rupee_Final copy/dsa-onboarding-v4/backend/routes/agreement.js:13:34)
    at Module._compile (node:internal/modules/cjs/loader:1760:14)
2025-12-28 21:00:42 [error]: Error: Cannot find module '../../pdf-agreement-service/src'
Require stack:
- /Users/swaraj_madhavrao_patil/Apna_Rupee_Final copy/dsa-onboarding-v4/backend/routes/agreement.js
- /Users/swaraj_madhavrao_patil/Apna_Rupee_Final copy/dsa-onboarding-v4/backend/server.js
    at Module._resolveFilename (node:internal/modules/cjs/loader:1420:15)
    at defaultResolveImpl (node:internal/modules/cjs/loader:1058:19)
    at resolveForCJSWithHooks (node:internal/modules/cjs/loader:1063:22)
    at Module._load (node:internal/modules/cjs/loader:1226:37)
    at TracingChannel.traceSync (node:diagnostics_channel:328:14)
    at wrapModuleLoad (node:internal/modules/cjs/loader:245:24)
    at Module.require (node:internal/modules/cjs/loader:1503:12)
    at require (node:internal/modules/helpers:152:16)
    at Object.<anonymous> (/Users/swaraj_madhavrao_patil/Apna_Rupee_Final copy/dsa-onboarding-v4/backend/routes/agreement.js:13:34)
    at Module._compile (node:internal/modules/cjs/loader:1760:14)
2025-12-29 06:09:51 [error]: TypeError: SandboxApi is not a constructor
    at testPanAadhaarLink (/Users/swaraj_madhavrao_patil/Apna_Rupee_Final copy/dsa-onboarding-v4/backend/test-pan-aadhaar-link.js:8:24)
    at Object.<anonymous> (/Users/swaraj_madhavrao_patil/Apna_Rupee_Final copy/dsa-onboarding-v4/backend/test-pan-aadhaar-link.js:35:1)
    at Module._compile (node:internal/modules/cjs/loader:1760:14)
    at Module._extensions..js (node:internal/modules/cjs/loader:1892:10)
    at Module.load (node:internal/modules/cjs/loader:1480:32)
    at Module._load (node:internal/modules/cjs/loader:1299:12)
    at TracingChannel.traceSync (node:diagnostics_channel:328:14)
    at wrapModuleLoad (node:internal/modules/cjs/loader:245:24)
    at Module.executeUserEntryPoint [as runMain] (node:internal/modules/run_main:154:5)
    at node:internal/main/run_main_module:33:47
2025-12-29 06:10:24 [error]: TypeError: SandboxApi is not a constructor
    at [eval]:4:17
    at [eval]:13:3
    at runScriptInThisContext (node:internal/vm:219:10)
    at node:internal/process/execution:451:12
    at [eval]-wrapper:6:24
    at runScriptInContext (node:internal/process/execution:449:60)
    at evalFunction (node:internal/process/execution:283:30)
    at evalTypeScript (node:internal/process/execution:295:3)
    at node:internal/main/eval_string:71:3
2025-12-29 15:44:52 [error]: Error: listen EADDRINUSE: address already in use :::3008
    at Server.setupListenHandle [as _listen2] (node:net:1940:16)
    at listenInCluster (node:net:1997:12)
    at Server.listen (node:net:2102:7)
    at app.listen (/Users/swaraj_madhavrao_patil/Apna_Rupee_Final copy/dsa-onboarding-v4/backend/node_modules/express/lib/application.js:635:24)
    at startServer (/Users/swaraj_madhavrao_patil/Apna_Rupee_Final copy/dsa-onboarding-v4/backend/server.js:135:13)
    at process.processTicksAndRejections (node:internal/process/task_queues:103:5)
2025-12-29 15:45:36 [error]: Error: listen EADDRINUSE: address already in use :::3008
    at Server.setupListenHandle [as _listen2] (node:net:1940:16)
    at listenInCluster (node:net:1997:12)
    at Server.listen (node:net:2102:7)
    at app.listen (/Users/swaraj_madhavrao_patil/Apna_Rupee_Final copy/dsa-onboarding-v4/backend/node_modules/express/lib/application.js:635:24)
    at startServer (/Users/swaraj_madhavrao_patil/Apna_Rupee_Final copy/dsa-onboarding-v4/backend/server.js:135:13)
    at process.processTicksAndRejections (node:internal/process/task_queues:103:5)
2025-12-30 04:17:03 [error]: Error: Cannot find module '../config/signdesk'
Require stack:
- /Users/swaraj_madhavrao_patil/Apna_Rupee_Final copy/dsa-onboarding-v4/backend/services/estampApi.js
- /Users/swaraj_madhavrao_patil/Apna_Rupee_Final copy/dsa-onboarding-v4/backend/routes/agreement.js
- /Users/swaraj_madhavrao_patil/Apna_Rupee_Final copy/dsa-onboarding-v4/backend/server.js
    at Module._resolveFilename (node:internal/modules/cjs/loader:1420:15)
    at defaultResolveImpl (node:internal/modules/cjs/loader:1058:19)
    at resolveForCJSWithHooks (node:internal/modules/cjs/loader:1063:22)
    at Module._load (node:internal/modules/cjs/loader:1226:37)
    at TracingChannel.traceSync (node:diagnostics_channel:328:14)
    at wrapModuleLoad (node:internal/modules/cjs/loader:245:24)
    at Module.require (node:internal/modules/cjs/loader:1503:12)
    at require (node:internal/modules/helpers:152:16)
    at Object.<anonymous> (/Users/swaraj_madhavrao_patil/Apna_Rupee_Final copy/dsa-onboarding-v4/backend/services/estampApi.js:10:16)
    at Module._compile (node:internal/modules/cjs/loader:1760:14)
2025-12-30 04:17:29 [error]: Error: Cannot find module '../config/signdesk'
Require stack:
- /Users/swaraj_madhavrao_patil/Apna_Rupee_Final copy/dsa-onboarding-v4/backend/services/estampApi.js
- /Users/swaraj_madhavrao_patil/Apna_Rupee_Final copy/dsa-onboarding-v4/backend/routes/agreement.js
- /Users/swaraj_madhavrao_patil/Apna_Rupee_Final copy/dsa-onboarding-v4/backend/server.js
    at Module._resolveFilename (node:internal/modules/cjs/loader:1420:15)
    at defaultResolveImpl (node:internal/modules/cjs/loader:1058:19)
    at resolveForCJSWithHooks (node:internal/modules/cjs/loader:1063:22)
    at Module._load (node:internal/modules/cjs/loader:1226:37)
    at TracingChannel.traceSync (node:diagnostics_channel:328:14)
    at wrapModuleLoad (node:internal/modules/cjs/loader:245:24)
    at Module.require (node:internal/modules/cjs/loader:1503:12)
    at require (node:internal/modules/helpers:152:16)
    at Object.<anonymous> (/Users/swaraj_madhavrao_patil/Apna_Rupee_Final copy/dsa-onboarding-v4/backend/services/estampApi.js:10:16)
    at Module._compile (node:internal/modules/cjs/loader:1760:14)
2025-12-30 04:17:37 [error]: Error: Cannot find module '../config/signdesk'
Require stack:
- /Users/swaraj_madhavrao_patil/Apna_Rupee_Final copy/dsa-onboarding-v4/backend/services/estampApi.js
- /Users/swaraj_madhavrao_patil/Apna_Rupee_Final copy/dsa-onboarding-v4/backend/routes/agreement.js
- /Users/swaraj_madhavrao_patil/Apna_Rupee_Final copy/dsa-onboarding-v4/backend/server.js
    at Module._resolveFilename (node:internal/modules/cjs/loader:1420:15)
    at defaultResolveImpl (node:internal/modules/cjs/loader:1058:19)
    at resolveForCJSWithHooks (node:internal/modules/cjs/loader:1063:22)
    at Module._load (node:internal/modules/cjs/loader:1226:37)
    at TracingChannel.traceSync (node:diagnostics_channel:328:14)
    at wrapModuleLoad (node:internal/modules/cjs/loader:245:24)
    at Module.require (node:internal/modules/cjs/loader:1503:12)
    at require (node:internal/modules/helpers:152:16)
    at Object.<anonymous> (/Users/swaraj_madhavrao_patil/Apna_Rupee_Final copy/dsa-onboarding-v4/backend/services/estampApi.js:10:16)
    at Module._compile (node:internal/modules/cjs/loader:1760:14)
2025-12-30 04:17:45 [error]: Error: Cannot find module '../config/signdesk'
Require stack:
- /Users/swaraj_madhavrao_patil/Apna_Rupee_Final copy/dsa-onboarding-v4/backend/services/estampApi.js
- /Users/swaraj_madhavrao_patil/Apna_Rupee_Final copy/dsa-onboarding-v4/backend/routes/agreement.js
- /Users/swaraj_madhavrao_patil/Apna_Rupee_Final copy/dsa-onboarding-v4/backend/server.js
    at Module._resolveFilename (node:internal/modules/cjs/loader:1420:15)
    at defaultResolveImpl (node:internal/modules/cjs/loader:1058:19)
    at resolveForCJSWithHooks (node:internal/modules/cjs/loader:1063:22)
    at Module._load (node:internal/modules/cjs/loader:1226:37)
    at TracingChannel.traceSync (node:diagnostics_channel:328:14)
    at wrapModuleLoad (node:internal/modules/cjs/loader:245:24)
    at Module.require (node:internal/modules/cjs/loader:1503:12)
    at require (node:internal/modules/helpers:152:16)
    at Object.<anonymous> (/Users/swaraj_madhavrao_patil/Apna_Rupee_Final copy/dsa-onboarding-v4/backend/services/estampApi.js:10:16)
    at Module._compile (node:internal/modules/cjs/loader:1760:14)
2025-12-30 04:18:19 [error]: Error: Cannot find module '../config/signdesk'
Require stack:
- /Users/swaraj_madhavrao_patil/Apna_Rupee_Final copy/dsa-onboarding-v4/backend/services/estampApi.js
- /Users/swaraj_madhavrao_patil/Apna_Rupee_Final copy/dsa-onboarding-v4/backend/routes/agreement.js
- /Users/swaraj_madhavrao_patil/Apna_Rupee_Final copy/dsa-onboarding-v4/backend/server.js
    at Module._resolveFilename (node:internal/modules/cjs/loader:1420:15)
    at defaultResolveImpl (node:internal/modules/cjs/loader:1058:19)
    at resolveForCJSWithHooks (node:internal/modules/cjs/loader:1063:22)
    at Module._load (node:internal/modules/cjs/loader:1226:37)
    at TracingChannel.traceSync (node:diagnostics_channel:328:14)
    at wrapModuleLoad (node:internal/modules/cjs/loader:245:24)
    at Module.require (node:internal/modules/cjs/loader:1503:12)
    at require (node:internal/modules/helpers:152:16)
    at Object.<anonymous> (/Users/swaraj_madhavrao_patil/Apna_Rupee_Final copy/dsa-onboarding-v4/backend/services/estampApi.js:10:16)
    at Module._compile (node:internal/modules/cjs/loader:1760:14)
2025-12-30 04:18:42 [error]: Error: Cannot find module '../config/signdesk'
Require stack:
- /Users/swaraj_madhavrao_patil/Apna_Rupee_Final copy/dsa-onboarding-v4/backend/services/estampApi.js
- /Users/swaraj_madhavrao_patil/Apna_Rupee_Final copy/dsa-onboarding-v4/backend/routes/agreement.js
- /Users/swaraj_madhavrao_patil/Apna_Rupee_Final copy/dsa-onboarding-v4/backend/server.js
    at Module._resolveFilename (node:internal/modules/cjs/loader:1420:15)
    at defaultResolveImpl (node:internal/modules/cjs/loader:1058:19)
    at resolveForCJSWithHooks (node:internal/modules/cjs/loader:1063:22)
    at Module._load (node:internal/modules/cjs/loader:1226:37)
    at TracingChannel.traceSync (node:diagnostics_channel:328:14)
    at wrapModuleLoad (node:internal/modules/cjs/loader:245:24)
    at Module.require (node:internal/modules/cjs/loader:1503:12)
    at require (node:internal/modules/helpers:152:16)
    at Object.<anonymous> (/Users/swaraj_madhavrao_patil/Apna_Rupee_Final copy/dsa-onboarding-v4/backend/services/estampApi.js:10:16)
    at Module._compile (node:internal/modules/cjs/loader:1760:14)
2025-12-30 04:27:35 [error]: Error: Cannot find module '../config/signdesk'
Require stack:
- /Users/swaraj_madhavrao_patil/Apna_Rupee_Final copy/dsa-onboarding-v4/backend/services/estampApi.js
- /Users/swaraj_madhavrao_patil/Apna_Rupee_Final copy/dsa-onboarding-v4/backend/routes/agreement.js
- /Users/swaraj_madhavrao_patil/Apna_Rupee_Final copy/dsa-onboarding-v4/backend/server.js
    at Module._resolveFilename (node:internal/modules/cjs/loader:1420:15)
    at defaultResolveImpl (node:internal/modules/cjs/loader:1058:19)
    at resolveForCJSWithHooks (node:internal/modules/cjs/loader:1063:22)
    at Module._load (node:internal/modules/cjs/loader:1226:37)
    at TracingChannel.traceSync (node:diagnostics_channel:328:14)
    at wrapModuleLoad (node:internal/modules/cjs/loader:245:24)
    at Module.require (node:internal/modules/cjs/loader:1503:12)
    at require (node:internal/modules/helpers:152:16)
    at Object.<anonymous> (/Users/swaraj_madhavrao_patil/Apna_Rupee_Final copy/dsa-onboarding-v4/backend/services/estampApi.js:10:16)
    at Module._compile (node:internal/modules/cjs/loader:1760:14)
2025-12-30 04:29:17 [error]: Error: Cannot find module '../config/signdesk'
Require stack:
- /Users/swaraj_madhavrao_patil/Apna_Rupee_Final copy/dsa-onboarding-v4/backend/services/estampApi.js
- /Users/swaraj_madhavrao_patil/Apna_Rupee_Final copy/dsa-onboarding-v4/backend/routes/agreement.js
- /Users/swaraj_madhavrao_patil/Apna_Rupee_Final copy/dsa-onboarding-v4/backend/server.js
    at Module._resolveFilename (node:internal/modules/cjs/loader:1420:15)
    at defaultResolveImpl (node:internal/modules/cjs/loader:1058:19)
    at resolveForCJSWithHooks (node:internal/modules/cjs/loader:1063:22)
    at Module._load (node:internal/modules/cjs/loader:1226:37)
    at TracingChannel.traceSync (node:diagnostics_channel:328:14)
    at wrapModuleLoad (node:internal/modules/cjs/loader:245:24)
    at Module.require (node:internal/modules/cjs/loader:1503:12)
    at require (node:internal/modules/helpers:152:16)
    at Object.<anonymous> (/Users/swaraj_madhavrao_patil/Apna_Rupee_Final copy/dsa-onboarding-v4/backend/services/estampApi.js:10:16)
    at Module._compile (node:internal/modules/cjs/loader:1760:14)
2025-12-30 04:30:11 [error]: Error: Cannot find module '../config/signdesk'
Require stack:
- /Users/swaraj_madhavrao_patil/Apna_Rupee_Final copy/dsa-onboarding-v4/backend/services/estampApi.js
- /Users/swaraj_madhavrao_patil/Apna_Rupee_Final copy/dsa-onboarding-v4/backend/routes/agreement.js
- /Users/swaraj_madhavrao_patil/Apna_Rupee_Final copy/dsa-onboarding-v4/backend/server.js
    at Module._resolveFilename (node:internal/modules/cjs/loader:1420:15)
    at defaultResolveImpl (node:internal/modules/cjs/loader:1058:19)
    at resolveForCJSWithHooks (node:internal/modules/cjs/loader:1063:22)
    at Module._load (node:internal/modules/cjs/loader:1226:37)
    at TracingChannel.traceSync (node:diagnostics_channel:328:14)
    at wrapModuleLoad (node:internal/modules/cjs/loader:245:24)
    at Module.require (node:internal/modules/cjs/loader:1503:12)
    at require (node:internal/modules/helpers:152:16)
    at Object.<anonymous> (/Users/swaraj_madhavrao_patil/Apna_Rupee_Final copy/dsa-onboarding-v4/backend/services/estampApi.js:10:16)
    at Module._compile (node:internal/modules/cjs/loader:1760:14)
2025-12-30 04:37:15 [error]: Error: Cannot find module '../config/signdesk'
Require stack:
- /Users/swaraj_madhavrao_patil/Apna_Rupee_Final copy/dsa-onboarding-v4/backend/services/estampApi.js
- /Users/swaraj_madhavrao_patil/Apna_Rupee_Final copy/dsa-onboarding-v4/backend/routes/agreement.js
- /Users/swaraj_madhavrao_patil/Apna_Rupee_Final copy/dsa-onboarding-v4/backend/server.js
    at Module._resolveFilename (node:internal/modules/cjs/loader:1420:15)
    at defaultResolveImpl (node:internal/modules/cjs/loader:1058:19)
    at resolveForCJSWithHooks (node:internal/modules/cjs/loader:1063:22)
    at Module._load (node:internal/modules/cjs/loader:1226:37)
    at TracingChannel.traceSync (node:diagnostics_channel:328:14)
    at wrapModuleLoad (node:internal/modules/cjs/loader:245:24)
    at Module.require (node:internal/modules/cjs/loader:1503:12)
    at require (node:internal/modules/helpers:152:16)
    at Object.<anonymous> (/Users/swaraj_madhavrao_patil/Apna_Rupee_Final copy/dsa-onboarding-v4/backend/services/estampApi.js:10:16)
    at Module._compile (node:internal/modules/cjs/loader:1760:14)
2025-12-30 04:37:44 [error]: Error: Cannot find module '../config/signdesk'
Require stack:
- /Users/swaraj_madhavrao_patil/Apna_Rupee_Final copy/dsa-onboarding-v4/backend/services/estampApi.js
- /Users/swaraj_madhavrao_patil/Apna_Rupee_Final copy/dsa-onboarding-v4/backend/routes/agreement.js
- /Users/swaraj_madhavrao_patil/Apna_Rupee_Final copy/dsa-onboarding-v4/backend/server.js
    at Module._resolveFilename (node:internal/modules/cjs/loader:1420:15)
    at defaultResolveImpl (node:internal/modules/cjs/loader:1058:19)
    at resolveForCJSWithHooks (node:internal/modules/cjs/loader:1063:22)
    at Module._load (node:internal/modules/cjs/loader:1226:37)
    at TracingChannel.traceSync (node:diagnostics_channel:328:14)
    at wrapModuleLoad (node:internal/modules/cjs/loader:245:24)
    at Module.require (node:internal/modules/cjs/loader:1503:12)
    at require (node:internal/modules/helpers:152:16)
    at Object.<anonymous> (/Users/swaraj_madhavrao_patil/Apna_Rupee_Final copy/dsa-onboarding-v4/backend/services/estampApi.js:10:16)
    at Module._compile (node:internal/modules/cjs/loader:1760:14)
2025-12-30 04:37:52 [error]: Error: Cannot find module '../config/signdesk'
Require stack:
- /Users/swaraj_madhavrao_patil/Apna_Rupee_Final copy/dsa-onboarding-v4/backend/services/estampApi.js
- /Users/swaraj_madhavrao_patil/Apna_Rupee_Final copy/dsa-onboarding-v4/backend/routes/agreement.js
- /Users/swaraj_madhavrao_patil/Apna_Rupee_Final copy/dsa-onboarding-v4/backend/server.js
    at Module._resolveFilename (node:internal/modules/cjs/loader:1420:15)
    at defaultResolveImpl (node:internal/modules/cjs/loader:1058:19)
    at resolveForCJSWithHooks (node:internal/modules/cjs/loader:1063:22)
    at Module._load (node:internal/modules/cjs/loader:1226:37)
    at TracingChannel.traceSync (node:diagnostics_channel:328:14)
    at wrapModuleLoad (node:internal/modules/cjs/loader:245:24)
    at Module.require (node:internal/modules/cjs/loader:1503:12)
    at require (node:internal/modules/helpers:152:16)
    at Object.<anonymous> (/Users/swaraj_madhavrao_patil/Apna_Rupee_Final copy/dsa-onboarding-v4/backend/services/estampApi.js:10:16)
    at Module._compile (node:internal/modules/cjs/loader:1760:14)
2025-12-30 04:38:09 [error]: Error: Cannot find module '../config/signdesk'
Require stack:
- /Users/swaraj_madhavrao_patil/Apna_Rupee_Final copy/dsa-onboarding-v4/backend/services/estampApi.js
- /Users/swaraj_madhavrao_patil/Apna_Rupee_Final copy/dsa-onboarding-v4/backend/routes/agreement.js
- /Users/swaraj_madhavrao_patil/Apna_Rupee_Final copy/dsa-onboarding-v4/backend/server.js
    at Module._resolveFilename (node:internal/modules/cjs/loader:1420:15)
    at defaultResolveImpl (node:internal/modules/cjs/loader:1058:19)
    at resolveForCJSWithHooks (node:internal/modules/cjs/loader:1063:22)
    at Module._load (node:internal/modules/cjs/loader:1226:37)
    at TracingChannel.traceSync (node:diagnostics_channel:328:14)
    at wrapModuleLoad (node:internal/modules/cjs/loader:245:24)
    at Module.require (node:internal/modules/cjs/loader:1503:12)
    at require (node:internal/modules/helpers:152:16)
    at Object.<anonymous> (/Users/swaraj_madhavrao_patil/Apna_Rupee_Final copy/dsa-onboarding-v4/backend/services/estampApi.js:10:16)
    at Module._compile (node:internal/modules/cjs/loader:1760:14)
2025-12-30 04:38:50 [error]: Error: listen EADDRINUSE: address already in use :::3008
    at Server.setupListenHandle [as _listen2] (node:net:1940:16)
    at listenInCluster (node:net:1997:12)
    at Server.listen (node:net:2102:7)
    at app.listen (/Users/swaraj_madhavrao_patil/Apna_Rupee_Final copy/dsa-onboarding-v4/backend/node_modules/express/lib/application.js:635:24)
    at startServer (/Users/swaraj_madhavrao_patil/Apna_Rupee_Final copy/dsa-onboarding-v4/backend/server.js:135:13)
    at process.processTicksAndRejections (node:internal/process/task_queues:103:5)
2025-12-30 04:39:04 [error]: Error: listen EADDRINUSE: address already in use :::3008
    at Server.setupListenHandle [as _listen2] (node:net:1940:16)
    at listenInCluster (node:net:1997:12)
    at Server.listen (node:net:2102:7)
    at app.listen (/Users/swaraj_madhavrao_patil/Apna_Rupee_Final copy/dsa-onboarding-v4/backend/node_modules/express/lib/application.js:635:24)
    at startServer (/Users/swaraj_madhavrao_patil/Apna_Rupee_Final copy/dsa-onboarding-v4/backend/server.js:135:13)
    at process.processTicksAndRejections (node:internal/process/task_queues:103:5)
2025-12-30 04:39:13 [error]: Error: listen EADDRINUSE: address already in use :::3008
    at Server.setupListenHandle [as _listen2] (node:net:1940:16)
    at listenInCluster (node:net:1997:12)
    at Server.listen (node:net:2102:7)
    at app.listen (/Users/swaraj_madhavrao_patil/Apna_Rupee_Final copy/dsa-onboarding-v4/backend/node_modules/express/lib/application.js:635:24)
    at startServer (/Users/swaraj_madhavrao_patil/Apna_Rupee_Final copy/dsa-onboarding-v4/backend/server.js:135:13)
    at process.processTicksAndRejections (node:internal/process/task_queues:103:5)
2025-12-30 04:39:40 [error]: Error: listen EADDRINUSE: address already in use :::3008
    at Server.setupListenHandle [as _listen2] (node:net:1940:16)
    at listenInCluster (node:net:1997:12)
    at Server.listen (node:net:2102:7)
    at app.listen (/Users/swaraj_madhavrao_patil/Apna_Rupee_Final copy/dsa-onboarding-v4/backend/node_modules/express/lib/application.js:635:24)
    at startServer (/Users/swaraj_madhavrao_patil/Apna_Rupee_Final copy/dsa-onboarding-v4/backend/server.js:135:13)
    at process.processTicksAndRejections (node:internal/process/task_queues:103:5)
2025-12-30 04:46:22 [error]: Error: listen EADDRINUSE: address already in use :::3008
    at Server.setupListenHandle [as _listen2] (node:net:1940:16)
    at listenInCluster (node:net:1997:12)
    at Server.listen (node:net:2102:7)
    at app.listen (/Users/swaraj_madhavrao_patil/Apna_Rupee_Final copy/dsa-onboarding-v4/backend/node_modules/express/lib/application.js:635:24)
    at startServer (/Users/swaraj_madhavrao_patil/Apna_Rupee_Final copy/dsa-onboarding-v4/backend/server.js:135:13)
    at process.processTicksAndRejections (node:internal/process/task_queues:103:5)
2025-12-30 04:46:22 [error]: Error: listen EADDRINUSE: address already in use :::3008
    at Server.setupListenHandle [as _listen2] (node:net:1940:16)
    at listenInCluster (node:net:1997:12)
    at Server.listen (node:net:2102:7)
    at app.listen (/Users/swaraj_madhavrao_patil/Apna_Rupee_Final copy/dsa-onboarding-v4/backend/node_modules/express/lib/application.js:635:24)
    at startServer (/Users/swaraj_madhavrao_patil/Apna_Rupee_Final copy/dsa-onboarding-v4/backend/server.js:135:13)
    at process.processTicksAndRejections (node:internal/process/task_queues:103:5)
2025-12-30 04:46:54 [error]: Error: listen EADDRINUSE: address already in use :::3008
    at Server.setupListenHandle [as _listen2] (node:net:1940:16)
    at listenInCluster (node:net:1997:12)
    at Server.listen (node:net:2102:7)
    at app.listen (/Users/swaraj_madhavrao_patil/Apna_Rupee_Final copy/dsa-onboarding-v4/backend/node_modules/express/lib/application.js:635:24)
    at startServer (/Users/swaraj_madhavrao_patil/Apna_Rupee_Final copy/dsa-onboarding-v4/backend/server.js:135:13)
    at process.processTicksAndRejections (node:internal/process/task_queues:103:5)
2025-12-30 04:46:54 [error]: Error: listen EADDRINUSE: address already in use :::3008
    at Server.setupListenHandle [as _listen2] (node:net:1940:16)
    at listenInCluster (node:net:1997:12)
    at Server.listen (node:net:2102:7)
    at app.listen (/Users/swaraj_madhavrao_patil/Apna_Rupee_Final copy/dsa-onboarding-v4/backend/node_modules/express/lib/application.js:635:24)
    at startServer (/Users/swaraj_madhavrao_patil/Apna_Rupee_Final copy/dsa-onboarding-v4/backend/server.js:135:13)
    at process.processTicksAndRejections (node:internal/process/task_queues:103:5)
2025-12-30 04:47:19 [error]: Error: listen EADDRINUSE: address already in use :::3008
    at Server.setupListenHandle [as _listen2] (node:net:1940:16)
    at listenInCluster (node:net:1997:12)
    at Server.listen (node:net:2102:7)
    at app.listen (/Users/swaraj_madhavrao_patil/Apna_Rupee_Final copy/dsa-onboarding-v4/backend/node_modules/express/lib/application.js:635:24)
    at startServer (/Users/swaraj_madhavrao_patil/Apna_Rupee_Final copy/dsa-onboarding-v4/backend/server.js:135:13)
    at process.processTicksAndRejections (node:internal/process/task_queues:103:5)
2025-12-30 04:48:50 [error]: Error: listen EADDRINUSE: address already in use :::3008
    at Server.setupListenHandle [as _listen2] (node:net:1940:16)
    at listenInCluster (node:net:1997:12)
    at Server.listen (node:net:2102:7)
    at app.listen (/Users/swaraj_madhavrao_patil/Apna_Rupee_Final copy/dsa-onboarding-v4/backend/node_modules/express/lib/application.js:635:24)
    at startServer (/Users/swaraj_madhavrao_patil/Apna_Rupee_Final copy/dsa-onboarding-v4/backend/server.js:135:13)
    at process.processTicksAndRejections (node:internal/process/task_queues:103:5)
2025-12-30 04:48:50 [error]: Error: listen EADDRINUSE: address already in use :::3008
    at Server.setupListenHandle [as _listen2] (node:net:1940:16)
    at listenInCluster (node:net:1997:12)
    at Server.listen (node:net:2102:7)
    at app.listen (/Users/swaraj_madhavrao_patil/Apna_Rupee_Final copy/dsa-onboarding-v4/backend/node_modules/express/lib/application.js:635:24)
    at startServer (/Users/swaraj_madhavrao_patil/Apna_Rupee_Final copy/dsa-onboarding-v4/backend/server.js:135:13)
    at process.processTicksAndRejections (node:internal/process/task_queues:103:5)
2025-12-30 04:48:50 [error]: Error: listen EADDRINUSE: address already in use :::3008
    at Server.setupListenHandle [as _listen2] (node:net:1940:16)
    at listenInCluster (node:net:1997:12)
    at Server.listen (node:net:2102:7)
    at app.listen (/Users/swaraj_madhavrao_patil/Apna_Rupee_Final copy/dsa-onboarding-v4/backend/node_modules/express/lib/application.js:635:24)
    at startServer (/Users/swaraj_madhavrao_patil/Apna_Rupee_Final copy/dsa-onboarding-v4/backend/server.js:135:13)
    at process.processTicksAndRejections (node:internal/process/task_queues:103:5)
2025-12-30 04:50:05 [error]: Error: listen EADDRINUSE: address already in use :::3008
    at Server.setupListenHandle [as _listen2] (node:net:1940:16)
    at listenInCluster (node:net:1997:12)
    at Server.listen (node:net:2102:7)
    at app.listen (/Users/swaraj_madhavrao_patil/Apna_Rupee_Final copy/dsa-onboarding-v4/backend/node_modules/express/lib/application.js:635:24)
    at startServer (/Users/swaraj_madhavrao_patil/Apna_Rupee_Final copy/dsa-onboarding-v4/backend/server.js:135:13)
    at process.processTicksAndRejections (node:internal/process/task_queues:103:5)
2025-12-30 14:50:43 [error]: Error: listen EADDRINUSE: address already in use :::3008
    at Server.setupListenHandle [as _listen2] (node:net:1940:16)
    at listenInCluster (node:net:1997:12)
    at Server.listen (node:net:2102:7)
    at app.listen (/Users/swaraj_madhavrao_patil/Apna_Rupee_Final copy/dsa-onboarding-v4/backend/node_modules/express/lib/application.js:635:24)
    at startServer (/Users/swaraj_madhavrao_patil/Apna_Rupee_Final copy/dsa-onboarding-v4/backend/server.js:135:13)
    at process.processTicksAndRejections (node:internal/process/task_queues:103:5)
2025-12-30 14:51:07 [error]: Error: listen EADDRINUSE: address already in use :::3008
    at Server.setupListenHandle [as _listen2] (node:net:1940:16)
    at listenInCluster (node:net:1997:12)
    at Server.listen (node:net:2102:7)
    at app.listen (/Users/swaraj_madhavrao_patil/Apna_Rupee_Final copy/dsa-onboarding-v4/backend/node_modules/express/lib/application.js:635:24)
    at startServer (/Users/swaraj_madhavrao_patil/Apna_Rupee_Final copy/dsa-onboarding-v4/backend/server.js:135:13)
    at process.processTicksAndRejections (node:internal/process/task_queues:103:5)
2025-12-30 14:51:29 [error]: Error: listen EADDRINUSE: address already in use :::3008
    at Server.setupListenHandle [as _listen2] (node:net:1940:16)
    at listenInCluster (node:net:1997:12)
    at Server.listen (node:net:2102:7)
    at app.listen (/Users/swaraj_madhavrao_patil/Apna_Rupee_Final copy/dsa-onboarding-v4/backend/node_modules/express/lib/application.js:635:24)
    at startServer (/Users/swaraj_madhavrao_patil/Apna_Rupee_Final copy/dsa-onboarding-v4/backend/server.js:135:13)
    at process.processTicksAndRejections (node:internal/process/task_queues:103:5)
2025-12-30 14:51:42 [error]: Error: listen EADDRINUSE: address already in use :::3008
    at Server.setupListenHandle [as _listen2] (node:net:1940:16)
    at listenInCluster (node:net:1997:12)
    at Server.listen (node:net:2102:7)
    at app.listen (/Users/swaraj_madhavrao_patil/Apna_Rupee_Final copy/dsa-onboarding-v4/backend/node_modules/express/lib/application.js:635:24)
    at startServer (/Users/swaraj_madhavrao_patil/Apna_Rupee_Final copy/dsa-onboarding-v4/backend/server.js:135:13)
    at process.processTicksAndRejections (node:internal/process/task_queues:103:5)
2025-12-30 14:51:51 [error]: Error: listen EADDRINUSE: address already in use :::3008
    at Server.setupListenHandle [as _listen2] (node:net:1940:16)
    at listenInCluster (node:net:1997:12)
    at Server.listen (node:net:2102:7)
    at app.listen (/Users/swaraj_madhavrao_patil/Apna_Rupee_Final copy/dsa-onboarding-v4/backend/node_modules/express/lib/application.js:635:24)
    at startServer (/Users/swaraj_madhavrao_patil/Apna_Rupee_Final copy/dsa-onboarding-v4/backend/server.js:135:13)
    at process.processTicksAndRejections (node:internal/process/task_queues:103:5)
2025-12-30 21:45:34 [error]: Error: listen EADDRINUSE: address already in use :::3008
    at Server.setupListenHandle [as _listen2] (node:net:1940:16)
    at listenInCluster (node:net:1997:12)
    at Server.listen (node:net:2102:7)
    at app.listen (/Users/swaraj_madhavrao_patil/Apna_Rupee_Final copy/dsa-onboarding-v4/backend/node_modules/express/lib/application.js:635:24)
    at startServer (/Users/swaraj_madhavrao_patil/Apna_Rupee_Final copy/dsa-onboarding-v4/backend/server.js:135:13)
    at process.processTicksAndRejections (node:internal/process/task_queues:103:5)
2025-12-30 21:58:37 [error]: Error: write EPIPE
    at afterWriteDispatched (node:internal/stream_base_commons:159:15)
    at writeGeneric (node:internal/stream_base_commons:150:3)
    at Socket._writeGeneric (node:net:966:11)
    at Socket._write (node:net:978:8)
    at writeOrBuffer (node:internal/streams/writable:570:12)
    at _write (node:internal/streams/writable:499:10)
    at Writable.write (node:internal/streams/writable:508:10)
    at Console.log (/Users/swaraj_madhavrao_patil/Apna_Rupee_Final copy/dsa-onboarding-v4/backend/node_modules/winston/lib/winston/transports/console.js:87:23)
    at Console._write (/Users/swaraj_madhavrao_patil/Apna_Rupee_Final copy/dsa-onboarding-v4/backend/node_modules/winston-transport/modern.js:103:17)
    at doWrite (/Users/swaraj_madhavrao_patil/Apna_Rupee_Final copy/dsa-onboarding-v4/backend/node_modules/winston-transport/node_modules/readable-stream/lib/_stream_writable.js:390:139)
2025-12-31 14:39:51 [error]: Error: listen EADDRINUSE: address already in use :::3008
    at Server.setupListenHandle [as _listen2] (node:net:1940:16)
    at listenInCluster (node:net:1997:12)
    at Server.listen (node:net:2102:7)
    at app.listen (/Users/swaraj_madhavrao_patil/Apna_Rupee_Final copy/dsa-onboarding-v4/backend/node_modules/express/lib/application.js:635:24)
    at startServer (/Users/swaraj_madhavrao_patil/Apna_Rupee_Final copy/dsa-onboarding-v4/backend/server.js:135:13)
    at process.processTicksAndRejections (node:internal/process/task_queues:103:5)
2025-12-31 14:40:18 [error]: Error: listen EADDRINUSE: address already in use :::3008
    at Server.setupListenHandle [as _listen2] (node:net:1940:16)
    at listenInCluster (node:net:1997:12)
    at Server.listen (node:net:2102:7)
    at app.listen (/Users/swaraj_madhavrao_patil/Apna_Rupee_Final copy/dsa-onboarding-v4/backend/node_modules/express/lib/application.js:635:24)
    at startServer (/Users/swaraj_madhavrao_patil/Apna_Rupee_Final copy/dsa-onboarding-v4/backend/server.js:135:13)
    at process.processTicksAndRejections (node:internal/process/task_queues:103:5)
2025-12-31 14:40:43 [error]: Error: listen EADDRINUSE: address already in use :::3008
    at Server.setupListenHandle [as _listen2] (node:net:1940:16)
    at listenInCluster (node:net:1997:12)
    at Server.listen (node:net:2102:7)
    at app.listen (/Users/swaraj_madhavrao_patil/Apna_Rupee_Final copy/dsa-onboarding-v4/backend/node_modules/express/lib/application.js:635:24)
    at startServer (/Users/swaraj_madhavrao_patil/Apna_Rupee_Final copy/dsa-onboarding-v4/backend/server.js:135:13)
    at process.processTicksAndRejections (node:internal/process/task_queues:103:5)
2025-12-31 14:41:06 [error]: Error: listen EADDRINUSE: address already in use :::3008
    at Server.setupListenHandle [as _listen2] (node:net:1940:16)
    at listenInCluster (node:net:1997:12)
    at Server.listen (node:net:2102:7)
    at app.listen (/Users/swaraj_madhavrao_patil/Apna_Rupee_Final copy/dsa-onboarding-v4/backend/node_modules/express/lib/application.js:635:24)
    at startServer (/Users/swaraj_madhavrao_patil/Apna_Rupee_Final copy/dsa-onboarding-v4/backend/server.js:135:13)
    at process.processTicksAndRejections (node:internal/process/task_queues:103:5)
2025-12-31 14:41:20 [error]: Error: listen EADDRINUSE: address already in use :::3008
    at Server.setupListenHandle [as _listen2] (node:net:1940:16)
    at listenInCluster (node:net:1997:12)
    at Server.listen (node:net:2102:7)
    at app.listen (/Users/swaraj_madhavrao_patil/Apna_Rupee_Final copy/dsa-onboarding-v4/backend/node_modules/express/lib/application.js:635:24)
    at startServer (/Users/swaraj_madhavrao_patil/Apna_Rupee_Final copy/dsa-onboarding-v4/backend/server.js:135:13)
    at process.processTicksAndRejections (node:internal/process/task_queues:103:5)
2025-12-31 15:35:49 [error]: Error: listen EADDRINUSE: address already in use :::3008
    at Server.setupListenHandle [as _listen2] (node:net:1940:16)
    at listenInCluster (node:net:1997:12)
    at Server.listen (node:net:2102:7)
    at app.listen (/Users/swaraj_madhavrao_patil/Apna_Rupee_Final copy/dsa-onboarding-v4/backend/node_modules/express/lib/application.js:635:24)
    at startServer (/Users/swaraj_madhavrao_patil/Apna_Rupee_Final copy/dsa-onboarding-v4/backend/server.js:135:13)
    at process.processTicksAndRejections (node:internal/process/task_queues:103:5)
2025-12-31 15:48:04 [error]: Error: listen EADDRINUSE: address already in use :::3008
    at Server.setupListenHandle [as _listen2] (node:net:1940:16)
    at listenInCluster (node:net:1997:12)
    at Server.listen (node:net:2102:7)
    at app.listen (/Users/swaraj_madhavrao_patil/Apna_Rupee_Final copy/dsa-onboarding-v4/backend/node_modules/express/lib/application.js:635:24)
    at startServer (/Users/swaraj_madhavrao_patil/Apna_Rupee_Final copy/dsa-onboarding-v4/backend/server.js:135:13)
    at process.processTicksAndRejections (node:internal/process/task_queues:103:5)
2025-12-31 16:09:37 [error]: Error: listen EADDRINUSE: address already in use :::3008
    at Server.setupListenHandle [as _listen2] (node:net:1940:16)
    at listenInCluster (node:net:1997:12)
    at Server.listen (node:net:2102:7)
    at app.listen (/Users/swaraj_madhavrao_patil/Apna_Rupee_Final copy/dsa-onboarding-v4/backend/node_modules/express/lib/application.js:635:24)
    at startServer (/Users/swaraj_madhavrao_patil/Apna_Rupee_Final copy/dsa-onboarding-v4/backend/server.js:135:13)
    at process.processTicksAndRejections (node:internal/process/task_queues:103:5)
2025-12-31 16:10:03 [error]: Error: listen EADDRINUSE: address already in use :::3008
    at Server.setupListenHandle [as _listen2] (node:net:1940:16)
    at listenInCluster (node:net:1997:12)
    at Server.listen (node:net:2102:7)
    at app.listen (/Users/swaraj_madhavrao_patil/Apna_Rupee_Final copy/dsa-onboarding-v4/backend/node_modules/express/lib/application.js:635:24)
    at startServer (/Users/swaraj_madhavrao_patil/Apna_Rupee_Final copy/dsa-onboarding-v4/backend/server.js:135:13)
    at process.processTicksAndRejections (node:internal/process/task_queues:103:5)
2025-12-31 16:11:48 [error]: Error: listen EADDRINUSE: address already in use :::3008
    at Server.setupListenHandle [as _listen2] (node:net:1940:16)
    at listenInCluster (node:net:1997:12)
    at Server.listen (node:net:2102:7)
    at app.listen (/Users/swaraj_madhavrao_patil/Apna_Rupee_Final copy/dsa-onboarding-v4/backend/node_modules/express/lib/application.js:635:24)
    at startServer (/Users/swaraj_madhavrao_patil/Apna_Rupee_Final copy/dsa-onboarding-v4/backend/server.js:135:13)
    at process.processTicksAndRejections (node:internal/process/task_queues:103:5)
2025-12-31 16:12:18 [error]: Error: listen EADDRINUSE: address already in use :::3008
    at Server.setupListenHandle [as _listen2] (node:net:1940:16)
    at listenInCluster (node:net:1997:12)
    at Server.listen (node:net:2102:7)
    at app.listen (/Users/swaraj_madhavrao_patil/Apna_Rupee_Final copy/dsa-onboarding-v4/backend/node_modules/express/lib/application.js:635:24)
    at startServer (/Users/swaraj_madhavrao_patil/Apna_Rupee_Final copy/dsa-onboarding-v4/backend/server.js:135:13)
    at process.processTicksAndRejections (node:internal/process/task_queues:103:5)
2025-12-31 16:17:59 [error]: Error: listen EADDRINUSE: address already in use :::3008
    at Server.setupListenHandle [as _listen2] (node:net:1940:16)
    at listenInCluster (node:net:1997:12)
    at Server.listen (node:net:2102:7)
    at app.listen (/Users/swaraj_madhavrao_patil/Apna_Rupee_Final copy/dsa-onboarding-v4/backend/node_modules/express/lib/application.js:635:24)
    at startServer (/Users/swaraj_madhavrao_patil/Apna_Rupee_Final copy/dsa-onboarding-v4/backend/server.js:135:13)
    at process.processTicksAndRejections (node:internal/process/task_queues:103:5)
2025-12-31 16:18:31 [error]: Error: listen EADDRINUSE: address already in use :::3008
    at Server.setupListenHandle [as _listen2] (node:net:1940:16)
    at listenInCluster (node:net:1997:12)
    at Server.listen (node:net:2102:7)
    at app.listen (/Users/swaraj_madhavrao_patil/Apna_Rupee_Final copy/dsa-onboarding-v4/backend/node_modules/express/lib/application.js:635:24)
    at startServer (/Users/swaraj_madhavrao_patil/Apna_Rupee_Final copy/dsa-onboarding-v4/backend/server.js:135:13)
    at process.processTicksAndRejections (node:internal/process/task_queues:103:5)
